<?xml version="1.0" encoding="UTF-8"?>
<coverage generated="1637618682235" clover="3.2.0">
  <project timestamp="1637618682235" name="All files">
    <metrics statements="28" coveredstatements="28" conditionals="0" coveredconditionals="0" methods="10" coveredmethods="10" elements="38" coveredelements="38" complexity="0" loc="28" ncloc="28" packages="1" files="6" classes="6"/>
    <file name="airplane.js" path="/Users/malimu2/Documents/multiverse/js/11192021/airport-objects/airplane.js">
      <metrics statements="6" coveredstatements="6" conditionals="0" coveredconditionals="0" methods="3" coveredmethods="3"/>
      <line num="2" count="1" type="stmt"/>
      <line num="3" count="1" type="stmt"/>
      <line num="5" count="3" type="stmt"/>
      <line num="11" count="1" type="stmt"/>
      <line num="15" count="1" type="stmt"/>
      <line num="20" count="1" type="stmt"/>
    </file>
    <file name="airport.js" path="/Users/malimu2/Documents/multiverse/js/11192021/airport-objects/airport.js">
      <metrics statements="3" coveredstatements="3" conditionals="0" coveredconditionals="0" methods="1" coveredmethods="1"/>
      <line num="4" count="2" type="stmt"/>
      <line num="7" count="2" type="stmt"/>
      <line num="15" count="1" type="stmt"/>
    </file>
    <file name="bag.js" path="/Users/malimu2/Documents/multiverse/js/11192021/airport-objects/bag.js">
      <metrics statements="2" coveredstatements="2" conditionals="0" coveredconditionals="0" methods="1" coveredmethods="1"/>
      <line num="4" count="4" type="stmt"/>
      <line num="11" count="3" type="stmt"/>
    </file>
    <file name="crewmember.js" path="/Users/malimu2/Documents/multiverse/js/11192021/airport-objects/crewmember.js">
      <metrics statements="5" coveredstatements="5" conditionals="0" coveredconditionals="0" methods="1" coveredmethods="1"/>
      <line num="1" count="2" type="stmt"/>
      <line num="6" count="2" type="stmt"/>
      <line num="7" count="2" type="stmt"/>
      <line num="8" count="2" type="stmt"/>
      <line num="12" count="2" type="stmt"/>
    </file>
    <file name="passenger.js" path="/Users/malimu2/Documents/multiverse/js/11192021/airport-objects/passenger.js">
      <metrics statements="8" coveredstatements="8" conditionals="0" coveredconditionals="0" methods="2" coveredmethods="2"/>
      <line num="1" count="2" type="stmt"/>
      <line num="2" count="2" type="stmt"/>
      <line num="8" count="3" type="stmt"/>
      <line num="9" count="3" type="stmt"/>
      <line num="10" count="3" type="stmt"/>
      <line num="11" count="3" type="stmt"/>
      <line num="17" count="1" type="stmt"/>
      <line num="21" count="2" type="stmt"/>
    </file>
    <file name="person.js" path="/Users/malimu2/Documents/multiverse/js/11192021/airport-objects/person.js">
      <metrics statements="4" coveredstatements="4" conditionals="0" coveredconditionals="0" methods="2" coveredmethods="2"/>
      <line num="3" count="5" type="stmt"/>
      <line num="4" count="5" type="stmt"/>
      <line num="9" count="3" type="stmt"/>
      <line num="15" count="3" type="stmt"/>
    </file>
  </project>
</coverage>
