TN:
SF:airplane.js
FN:4,(anonymous_0)
FN:10,(anonymous_1)
FN:14,(anonymous_2)
FNF:3
FNH:3
FNDA:3,(anonymous_0)
FNDA:1,(anonymous_1)
FNDA:1,(anonymous_2)
DA:2,1
DA:3,1
DA:5,3
DA:11,1
DA:15,1
DA:20,1
LF:6
LH:6
BRF:0
BRH:0
end_of_record
TN:
SF:airport.js
FN:3,(anonymous_0)
FNF:1
FNH:1
FNDA:2,(anonymous_0)
DA:4,2
DA:7,2
DA:15,1
LF:3
LH:3
BRF:0
BRH:0
end_of_record
TN:
SF:bag.js
FN:3,(anonymous_0)
FNF:1
FNH:1
FNDA:4,(anonymous_0)
DA:4,4
DA:11,3
LF:2
LH:2
BRF:0
BRH:0
end_of_record
TN:
SF:crewmember.js
FN:5,(anonymous_0)
FNF:1
FNH:1
FNDA:2,(anonymous_0)
DA:1,2
DA:6,2
DA:7,2
DA:8,2
DA:12,2
LF:5
LH:5
BRF:0
BRH:0
end_of_record
TN:
SF:passenger.js
FN:7,(anonymous_0)
FN:16,(anonymous_1)
FNF:2
FNH:2
FNDA:3,(anonymous_0)
FNDA:1,(anonymous_1)
DA:1,2
DA:2,2
DA:8,3
DA:9,3
DA:10,3
DA:11,3
DA:17,1
DA:21,2
LF:8
LH:8
BRF:0
BRH:0
end_of_record
TN:
SF:person.js
FN:2,(anonymous_0)
FN:8,(anonymous_1)
FNF:2
FNH:2
FNDA:5,(anonymous_0)
FNDA:3,(anonymous_1)
DA:3,5
DA:4,5
DA:9,3
DA:15,3
LF:4
LH:4
BRF:0
BRH:0
end_of_record
